2022-04-11T03:48:04.360026Z 0 [System] [MY-013169] [Server] C:\Bitnami\WAMPST~1.20-\mysql\bin\mysqld.exe (mysqld 8.0.25) initializing of server in progress as process 13716
2022-04-11T03:48:04.371556Z 1 [System] [MY-013576] [InnoDB] InnoDB initialization has started.
2022-04-11T03:48:04.949773Z 1 [System] [MY-013577] [InnoDB] InnoDB initialization has ended.
2022-04-11T03:48:05.905415Z 0 [Warning] [MY-010161] [Server] You need to use --log-bin to make --binlog-expire-logs-seconds work.
2022-04-11T03:48:07.033983Z 6 [Warning] [MY-010453] [Server] root@localhost is created with an empty password ! Please consider switching off the --initialize-insecure option.
2022-04-11T03:48:10.637929Z 0 [System] [MY-010116] [Server] C:\Bitnami\WAMPST~1.20-\mysql\bin\mysqld.exe (mysqld 8.0.25) starting as process 16672
2022-04-11T03:48:10.652905Z 1 [System] [MY-013576] [InnoDB] InnoDB initialization has started.
2022-04-11T03:48:10.848736Z 1 [System] [MY-013577] [InnoDB] InnoDB initialization has ended.
2022-04-11T03:48:10.985539Z 0 [System] [MY-011323] [Server] X Plugin ready for connections. Bind-address: '::' port: 33060
2022-04-11T03:48:11.111416Z 0 [Warning] [MY-010068] [Server] CA certificate ca.pem is self signed.
2022-04-11T03:48:11.112134Z 0 [System] [MY-013602] [Server] Channel mysql_main configured to support TLS. Encrypted connections are now supported for this channel.
2022-04-11T03:48:11.150930Z 0 [System] [MY-010931] [Server] C:\Bitnami\WAMPST~1.20-\mysql\bin\mysqld.exe: ready for connections. Version: '8.0.25'  socket: ''  port: 3306  MySQL Community Server - GPL.
2022-04-11T03:48:46.395620Z 9 [System] [MY-013172] [Server] Received SHUTDOWN from user root. Shutting down mysqld (Version: 8.0.25).
2022-04-11T03:48:46.396123Z 0 [System] [MY-013105] [Server] C:\Bitnami\WAMPST~1.20-\mysql\bin\mysqld.exe: Normal shutdown.
2022-04-11T03:48:47.545364Z 0 [System] [MY-010910] [Server] C:\Bitnami\WAMPST~1.20-\mysql\bin\mysqld.exe: Shutdown complete (mysqld 8.0.25)  MySQL Community Server - GPL.
2022-04-11T03:49:47.239276Z 0 [System] [MY-010116] [Server] C:\Bitnami\WAMPST~1.20-\mysql\bin\mysqld.exe (mysqld 8.0.25) starting as process 3540
2022-04-11T03:49:47.285178Z 1 [System] [MY-013576] [InnoDB] InnoDB initialization has started.
2022-04-11T03:49:47.528761Z 1 [System] [MY-013577] [InnoDB] InnoDB initialization has ended.
2022-04-11T03:49:47.662194Z 0 [System] [MY-011323] [Server] X Plugin ready for connections. Bind-address: '::' port: 33060
2022-04-11T03:49:47.737863Z 0 [Warning] [MY-010068] [Server] CA certificate ca.pem is self signed.
2022-04-11T03:49:47.738752Z 0 [System] [MY-013602] [Server] Channel mysql_main configured to support TLS. Encrypted connections are now supported for this channel.
2022-04-11T03:49:47.773721Z 0 [System] [MY-010931] [Server] C:\Bitnami\WAMPST~1.20-\mysql\bin\mysqld.exe: ready for connections. Version: '8.0.25'  socket: ''  port: 3306  MySQL Community Server - GPL.
